2026-03-17 13:31:10 [[32minfo[39m]: Attendance event scheduler initialized (runs every 60 minutes) 
2026-03-17 14:44:34 [[32minfo[39m]: Attendance event scheduler initialized (runs every 60 minutes) 
2026-03-17 14:45:24 [[32minfo[39m]: FaceRecognitionService instance created with performance optimizations 
2026-03-17 14:45:28 [[33mwarn[39m]: @tensorflow/tfjs-node failed to load - falling back to JS backend. If you want the native addon, run: npm rebuild @tensorflow/tfjs-node build-addon-from-source and see https://github.com/tensorflow/tfjs/blob/master/tfjs-node/WINDOWS_TROUBLESHOOTING.md for troubleshooting. 
2026-03-17 14:45:28 [[34mdebug[39m]: Error: The specified module could not be found.
\\?\D:\JMCCBACKUPWITHDATE\AMS-BACKEND\node_modules\@tensorflow\tfjs-node\lib\napi-v5\tfjs_binding.node
    at Object..node (node:internal/modules/cjs/loader:1865:18)
    at Module.load (node:internal/modules/cjs/loader:1441:32)
    at Function._load (node:internal/modules/cjs/loader:1263:12)
    at TracingChannel.traceSync (node:diagnostics_channel:322:14)
    at wrapModuleLoad (node:internal/modules/cjs/loader:237:24)
    at Module.require (node:internal/modules/cjs/loader:1463:12)
    at require (node:internal/modules/helpers:147:16)
    at Object.<anonymous> (D:\JMCCBACKUPWITHDATE\AMS-BACKEND\node_modules\@tensorflow\tfjs-node\dist\index.js:58:16)
    at Module._compile (node:internal/modules/cjs/loader:1706:14)
    at node:internal/modules/cjs/loader:1839:10 
2026-03-17 14:45:28 [[33mwarn[39m]: tfjs-node not available or failed to load (you can install @tensorflow/tfjs-node for faster inference): The specified module could not be found.
\\?\D:\JMCCBACKUPWITHDATE\AMS-BACKEND\node_modules\@tensorflow\tfjs-node\lib\napi-v5\tfjs_binding.node 
Error: The specified module could not be found.
\\?\D:\JMCCBACKUPWITHDATE\AMS-BACKEND\node_modules\@tensorflow\tfjs-node\lib\napi-v5\tfjs_binding.node
    at Object..node (node:internal/modules/cjs/loader:1865:18)
    at Module.load (node:internal/modules/cjs/loader:1441:32)
    at Function._load (node:internal/modules/cjs/loader:1263:12)
    at TracingChannel.traceSync (node:diagnostics_channel:322:14)
    at wrapModuleLoad (node:internal/modules/cjs/loader:237:24)
    at Module.require (node:internal/modules/cjs/loader:1463:12)
    at require (node:internal/modules/helpers:147:16)
    at Object.<anonymous> (D:\JMCCBACKUPWITHDATE\AMS-BACKEND\node_modules\@tensorflow\tfjs-node\dist\index.js:58:16)
    at Module._compile (node:internal/modules/cjs/loader:1706:14)
    at node:internal/modules/cjs/loader:1839:10
2026-03-17 14:45:28 [[32minfo[39m]: TensorFlow.js backend initialized: cpu 
2026-03-17 14:45:28 [[32minfo[39m]: Loading optimized face recognition models... 
2026-03-17 14:45:29 [[32minfo[39m]: TensorFlow backend warm-up completed 
2026-03-17 14:45:29 [[32minfo[39m]: Optimized face recognition models loaded successfully 
2026-03-17 14:45:29 [[32minfo[39m]: FaceRecognitionService initialized successfully 
2026-03-17 14:46:07 [[32minfo[39m]: Fetching full month attendance report: 
2026-03-17 14:55:28 [[32minfo[39m]: 🔄 Found 9 stale pending records older than 2 hours 
2026-03-17 14:55:28 [[33mwarn[39m]: Auto-confirm skipped - no pending data: fd6dddaa-7479-4aec-8f6c-6b4d1cf51494 
2026-03-17 14:55:28 [[32minfo[39m]: ✅ Auto-confirmed stale pending record: fd6dddaa-7479-4aec-8f6c-6b4d1cf51494 
2026-03-17 14:55:28 [[33mwarn[39m]: Auto-confirm skipped - no pending data: 64ff7ae3-7f4d-4063-a15d-0056976faddc 
2026-03-17 14:55:28 [[32minfo[39m]: ✅ Auto-confirmed stale pending record: 64ff7ae3-7f4d-4063-a15d-0056976faddc 
2026-03-17 14:55:28 [[33mwarn[39m]: Auto-confirm skipped - no pending data: 430a7587-cd04-4e1d-b94e-f4d7684b51a9 
2026-03-17 14:55:28 [[32minfo[39m]: ✅ Auto-confirmed stale pending record: 430a7587-cd04-4e1d-b94e-f4d7684b51a9 
2026-03-17 14:55:28 [[33mwarn[39m]: Auto-confirm skipped - no pending data: ce30b462-9b1e-4726-b4ff-146f22e5161f 
2026-03-17 14:55:28 [[32minfo[39m]: ✅ Auto-confirmed stale pending record: ce30b462-9b1e-4726-b4ff-146f22e5161f 
2026-03-17 14:55:28 [[33mwarn[39m]: Auto-confirm skipped - no pending data: 13b157d4-4910-4519-b39b-118c5d49d160 
2026-03-17 14:55:28 [[32minfo[39m]: ✅ Auto-confirmed stale pending record: 13b157d4-4910-4519-b39b-118c5d49d160 
2026-03-17 14:55:28 [[33mwarn[39m]: Auto-confirm skipped - no pending data: 99282a55-0dd9-4c1f-9d46-59630966c148 
2026-03-17 14:55:28 [[32minfo[39m]: ✅ Auto-confirmed stale pending record: 99282a55-0dd9-4c1f-9d46-59630966c148 
2026-03-17 14:55:28 [[33mwarn[39m]: Auto-confirm skipped - no pending data: 91ada03c-9a77-40a9-8fc4-89b42a3de0d3 
2026-03-17 14:55:28 [[32minfo[39m]: ✅ Auto-confirmed stale pending record: 91ada03c-9a77-40a9-8fc4-89b42a3de0d3 
2026-03-17 14:55:28 [[33mwarn[39m]: Auto-confirm skipped - no pending data: aa4f566a-b8b7-4eb6-b0be-5ee3de29c5bd 
2026-03-17 14:55:28 [[32minfo[39m]: ✅ Auto-confirmed stale pending record: aa4f566a-b8b7-4eb6-b0be-5ee3de29c5bd 
2026-03-17 14:55:28 [[33mwarn[39m]: Auto-confirm skipped - no pending data: c07c297f-f603-4dcd-8410-8409ccf2891b 
2026-03-17 14:55:28 [[32minfo[39m]: ✅ Auto-confirmed stale pending record: c07c297f-f603-4dcd-8410-8409ccf2891b 
2026-03-17 15:00:00 [[32minfo[39m]: Starting to process unsent attendance events... 
2026-03-17 15:00:01 [[32minfo[39m]: Found 100 unsent attendance events 
2026-03-17 15:00:03 [[32minfo[39m]: Updating 100 records with DATA_TRANSFER = 'Y' 
2026-03-17 15:00:28 [[32minfo[39m]: Successfully processed 100 attendance events. DATA_TRANSFER updated to 'Y'. 
2026-03-17 15:05:28 [[32minfo[39m]: 🔄 Found 9 stale pending records older than 2 hours 
2026-03-17 15:05:28 [[33mwarn[39m]: Auto-confirm skipped - no pending data: fd6dddaa-7479-4aec-8f6c-6b4d1cf51494 
2026-03-17 15:05:28 [[32minfo[39m]: ✅ Auto-confirmed stale pending record: fd6dddaa-7479-4aec-8f6c-6b4d1cf51494 
2026-03-17 15:05:28 [[33mwarn[39m]: Auto-confirm skipped - no pending data: 64ff7ae3-7f4d-4063-a15d-0056976faddc 
2026-03-17 15:05:28 [[32minfo[39m]: ✅ Auto-confirmed stale pending record: 64ff7ae3-7f4d-4063-a15d-0056976faddc 
2026-03-17 15:05:28 [[33mwarn[39m]: Auto-confirm skipped - no pending data: 430a7587-cd04-4e1d-b94e-f4d7684b51a9 
2026-03-17 15:05:28 [[32minfo[39m]: ✅ Auto-confirmed stale pending record: 430a7587-cd04-4e1d-b94e-f4d7684b51a9 
2026-03-17 15:05:28 [[33mwarn[39m]: Auto-confirm skipped - no pending data: ce30b462-9b1e-4726-b4ff-146f22e5161f 
2026-03-17 15:05:28 [[32minfo[39m]: ✅ Auto-confirmed stale pending record: ce30b462-9b1e-4726-b4ff-146f22e5161f 
2026-03-17 15:05:28 [[33mwarn[39m]: Auto-confirm skipped - no pending data: 13b157d4-4910-4519-b39b-118c5d49d160 
2026-03-17 15:05:28 [[32minfo[39m]: ✅ Auto-confirmed stale pending record: 13b157d4-4910-4519-b39b-118c5d49d160 
2026-03-17 15:05:28 [[33mwarn[39m]: Auto-confirm skipped - no pending data: 99282a55-0dd9-4c1f-9d46-59630966c148 
2026-03-17 15:05:28 [[32minfo[39m]: ✅ Auto-confirmed stale pending record: 99282a55-0dd9-4c1f-9d46-59630966c148 
2026-03-17 15:05:28 [[33mwarn[39m]: Auto-confirm skipped - no pending data: 91ada03c-9a77-40a9-8fc4-89b42a3de0d3 
2026-03-17 15:05:28 [[32minfo[39m]: ✅ Auto-confirmed stale pending record: 91ada03c-9a77-40a9-8fc4-89b42a3de0d3 
2026-03-17 15:05:28 [[33mwarn[39m]: Auto-confirm skipped - no pending data: aa4f566a-b8b7-4eb6-b0be-5ee3de29c5bd 
2026-03-17 15:05:28 [[32minfo[39m]: ✅ Auto-confirmed stale pending record: aa4f566a-b8b7-4eb6-b0be-5ee3de29c5bd 
2026-03-17 15:05:28 [[33mwarn[39m]: Auto-confirm skipped - no pending data: c07c297f-f603-4dcd-8410-8409ccf2891b 
2026-03-17 15:05:28 [[32minfo[39m]: ✅ Auto-confirmed stale pending record: c07c297f-f603-4dcd-8410-8409ccf2891b 
2026-03-17 15:15:28 [[32minfo[39m]: Cleanup completed. Removed 0 old pending confirmations, cleaned 0 image buffers, and 0 old cancelled confirmations. 
2026-03-17 15:15:28 [[32minfo[39m]: 🔄 Found 9 stale pending records older than 2 hours 
2026-03-17 15:15:28 [[33mwarn[39m]: Auto-confirm skipped - no pending data: fd6dddaa-7479-4aec-8f6c-6b4d1cf51494 
2026-03-17 15:15:28 [[32minfo[39m]: ✅ Auto-confirmed stale pending record: fd6dddaa-7479-4aec-8f6c-6b4d1cf51494 
2026-03-17 15:15:28 [[33mwarn[39m]: Auto-confirm skipped - no pending data: 64ff7ae3-7f4d-4063-a15d-0056976faddc 
2026-03-17 15:15:28 [[32minfo[39m]: ✅ Auto-confirmed stale pending record: 64ff7ae3-7f4d-4063-a15d-0056976faddc 
2026-03-17 15:15:28 [[33mwarn[39m]: Auto-confirm skipped - no pending data: 430a7587-cd04-4e1d-b94e-f4d7684b51a9 
2026-03-17 15:15:28 [[32minfo[39m]: ✅ Auto-confirmed stale pending record: 430a7587-cd04-4e1d-b94e-f4d7684b51a9 
2026-03-17 15:15:28 [[33mwarn[39m]: Auto-confirm skipped - no pending data: ce30b462-9b1e-4726-b4ff-146f22e5161f 
2026-03-17 15:15:28 [[32minfo[39m]: ✅ Auto-confirmed stale pending record: ce30b462-9b1e-4726-b4ff-146f22e5161f 
2026-03-17 15:15:28 [[33mwarn[39m]: Auto-confirm skipped - no pending data: 13b157d4-4910-4519-b39b-118c5d49d160 
2026-03-17 15:15:29 [[32minfo[39m]: ✅ Auto-confirmed stale pending record: 13b157d4-4910-4519-b39b-118c5d49d160 
2026-03-17 15:15:29 [[33mwarn[39m]: Auto-confirm skipped - no pending data: 99282a55-0dd9-4c1f-9d46-59630966c148 
2026-03-17 15:15:29 [[32minfo[39m]: ✅ Auto-confirmed stale pending record: 99282a55-0dd9-4c1f-9d46-59630966c148 
2026-03-17 15:15:29 [[33mwarn[39m]: Auto-confirm skipped - no pending data: 91ada03c-9a77-40a9-8fc4-89b42a3de0d3 
2026-03-17 15:15:29 [[32minfo[39m]: ✅ Auto-confirmed stale pending record: 91ada03c-9a77-40a9-8fc4-89b42a3de0d3 
2026-03-17 15:15:29 [[33mwarn[39m]: Auto-confirm skipped - no pending data: aa4f566a-b8b7-4eb6-b0be-5ee3de29c5bd 
2026-03-17 15:15:29 [[32minfo[39m]: ✅ Auto-confirmed stale pending record: aa4f566a-b8b7-4eb6-b0be-5ee3de29c5bd 
2026-03-17 15:15:29 [[33mwarn[39m]: Auto-confirm skipped - no pending data: c07c297f-f603-4dcd-8410-8409ccf2891b 
2026-03-17 15:15:29 [[32minfo[39m]: ✅ Auto-confirmed stale pending record: c07c297f-f603-4dcd-8410-8409ccf2891b 
2026-03-17 15:22:41 [[32minfo[39m]: Face descriptor extracted in 31039ms 
2026-03-17 15:22:46 [[32minfo[39m]: Face matcher cache updated with 153 employees 
2026-03-17 15:22:46 [[32minfo[39m]: Match found: 00769 in 5277ms (55.4% confidence) 
2026-03-17 15:22:48 [[32minfo[39m]: Face descriptor extracted in 1617ms 
2026-03-17 15:22:48 [[32minfo[39m]: Match found: 00769 in 12ms (55.4% confidence) 
2026-03-17 15:22:48 [[33mwarn[39m]: Employee NOT found in DB for ID: 
2026-03-17 15:22:48 [[31merror[39m]: Attendance marking error: Employee not found 
Error: Employee not found
    at Function.markAttendanceWithAutoConfirm (D:\JMCCBACKUPWITHDATE\AMS-BACKEND\src\services\Attendance\Attendance.service.ts:91:13)
    at async Function.markAttendance (D:\JMCCBACKUPWITHDATE\AMS-BACKEND\src\controllers\Attendance\attendance.controller.ts:114:22)
2026-03-17 15:22:48 [[31merror[39m]: Attendance marking error Employee not found 
Error: Employee not found
    at Function.markAttendanceWithAutoConfirm (D:\JMCCBACKUPWITHDATE\AMS-BACKEND\src\services\Attendance\Attendance.service.ts:91:13)
    at async Function.markAttendance (D:\JMCCBACKUPWITHDATE\AMS-BACKEND\src\controllers\Attendance\attendance.controller.ts:114:22)
2026-03-17 15:23:53 [[32minfo[39m]: Face descriptor extracted in 5672ms 
2026-03-17 15:23:53 [[33mwarn[39m]: No match found in 87ms. Distance: 0.468 
2026-03-17 15:23:53 [[33mwarn[39m]: Unrecognized face attempt 
2026-03-17 15:24:12 [[32minfo[39m]: Face descriptor extracted in 2511ms 
2026-03-17 15:24:12 [[32minfo[39m]: Match found: 00769 in 11ms (57.3% confidence) 
2026-03-17 15:24:13 [[32minfo[39m]: Face descriptor extracted in 1699ms 
2026-03-17 15:24:13 [[32minfo[39m]: Match found: 00769 in 14ms (57.3% confidence) 
2026-03-17 15:24:14 [[33mwarn[39m]: Employee NOT found in DB for ID: 
2026-03-17 15:24:14 [[31merror[39m]: Attendance marking error: Employee not found 
Error: Employee not found
    at Function.markAttendanceWithAutoConfirm (D:\JMCCBACKUPWITHDATE\AMS-BACKEND\src\services\Attendance\Attendance.service.ts:91:13)
    at async Function.markAttendance (D:\JMCCBACKUPWITHDATE\AMS-BACKEND\src\controllers\Attendance\attendance.controller.ts:114:22)
2026-03-17 15:24:14 [[31merror[39m]: Attendance marking error Employee not found 
Error: Employee not found
    at Function.markAttendanceWithAutoConfirm (D:\JMCCBACKUPWITHDATE\AMS-BACKEND\src\services\Attendance\Attendance.service.ts:91:13)
    at async Function.markAttendance (D:\JMCCBACKUPWITHDATE\AMS-BACKEND\src\controllers\Attendance\attendance.controller.ts:114:22)
2026-03-17 15:25:28 [[32minfo[39m]: 🔄 Found 9 stale pending records older than 2 hours 
2026-03-17 15:25:28 [[33mwarn[39m]: Auto-confirm skipped - no pending data: fd6dddaa-7479-4aec-8f6c-6b4d1cf51494 
2026-03-17 15:25:28 [[32minfo[39m]: ✅ Auto-confirmed stale pending record: fd6dddaa-7479-4aec-8f6c-6b4d1cf51494 
2026-03-17 15:25:28 [[33mwarn[39m]: Auto-confirm skipped - no pending data: 64ff7ae3-7f4d-4063-a15d-0056976faddc 
2026-03-17 15:25:28 [[32minfo[39m]: ✅ Auto-confirmed stale pending record: 64ff7ae3-7f4d-4063-a15d-0056976faddc 
2026-03-17 15:25:28 [[33mwarn[39m]: Auto-confirm skipped - no pending data: 430a7587-cd04-4e1d-b94e-f4d7684b51a9 
2026-03-17 15:25:28 [[32minfo[39m]: ✅ Auto-confirmed stale pending record: 430a7587-cd04-4e1d-b94e-f4d7684b51a9 
2026-03-17 15:25:28 [[33mwarn[39m]: Auto-confirm skipped - no pending data: ce30b462-9b1e-4726-b4ff-146f22e5161f 
2026-03-17 15:25:28 [[32minfo[39m]: ✅ Auto-confirmed stale pending record: ce30b462-9b1e-4726-b4ff-146f22e5161f 
2026-03-17 15:25:28 [[33mwarn[39m]: Auto-confirm skipped - no pending data: 13b157d4-4910-4519-b39b-118c5d49d160 
2026-03-17 15:25:28 [[32minfo[39m]: ✅ Auto-confirmed stale pending record: 13b157d4-4910-4519-b39b-118c5d49d160 
2026-03-17 15:25:28 [[33mwarn[39m]: Auto-confirm skipped - no pending data: 99282a55-0dd9-4c1f-9d46-59630966c148 
2026-03-17 15:25:28 [[32minfo[39m]: ✅ Auto-confirmed stale pending record: 99282a55-0dd9-4c1f-9d46-59630966c148 
2026-03-17 15:25:28 [[33mwarn[39m]: Auto-confirm skipped - no pending data: 91ada03c-9a77-40a9-8fc4-89b42a3de0d3 
2026-03-17 15:25:28 [[32minfo[39m]: ✅ Auto-confirmed stale pending record: 91ada03c-9a77-40a9-8fc4-89b42a3de0d3 
2026-03-17 15:25:28 [[33mwarn[39m]: Auto-confirm skipped - no pending data: aa4f566a-b8b7-4eb6-b0be-5ee3de29c5bd 
2026-03-17 15:25:28 [[32minfo[39m]: ✅ Auto-confirmed stale pending record: aa4f566a-b8b7-4eb6-b0be-5ee3de29c5bd 
2026-03-17 15:25:28 [[33mwarn[39m]: Auto-confirm skipped - no pending data: c07c297f-f603-4dcd-8410-8409ccf2891b 
2026-03-17 15:25:28 [[32minfo[39m]: ✅ Auto-confirmed stale pending record: c07c297f-f603-4dcd-8410-8409ccf2891b 
2026-03-17 15:47:23 [[32minfo[39m]: Attendance event scheduler initialized (runs every 60 minutes) 
2026-03-17 15:51:18 [[32minfo[39m]: FaceRecognitionService instance created with performance optimizations 
2026-03-17 15:51:21 [[33mwarn[39m]: @tensorflow/tfjs-node failed to load - falling back to JS backend. If you want the native addon, run: npm rebuild @tensorflow/tfjs-node build-addon-from-source and see https://github.com/tensorflow/tfjs/blob/master/tfjs-node/WINDOWS_TROUBLESHOOTING.md for troubleshooting. 
2026-03-17 15:51:21 [[34mdebug[39m]: Error: The specified module could not be found.
\\?\D:\JMCCBACKUPWITHDATE\AMS-BACKEND\node_modules\@tensorflow\tfjs-node\lib\napi-v5\tfjs_binding.node
    at Object..node (node:internal/modules/cjs/loader:1865:18)
    at Module.load (node:internal/modules/cjs/loader:1441:32)
    at Function._load (node:internal/modules/cjs/loader:1263:12)
    at TracingChannel.traceSync (node:diagnostics_channel:322:14)
    at wrapModuleLoad (node:internal/modules/cjs/loader:237:24)
    at Module.require (node:internal/modules/cjs/loader:1463:12)
    at require (node:internal/modules/helpers:147:16)
    at Object.<anonymous> (D:\JMCCBACKUPWITHDATE\AMS-BACKEND\node_modules\@tensorflow\tfjs-node\dist\index.js:58:16)
    at Module._compile (node:internal/modules/cjs/loader:1706:14)
    at node:internal/modules/cjs/loader:1839:10 
2026-03-17 15:51:21 [[33mwarn[39m]: tfjs-node not available or failed to load (you can install @tensorflow/tfjs-node for faster inference): The specified module could not be found.
\\?\D:\JMCCBACKUPWITHDATE\AMS-BACKEND\node_modules\@tensorflow\tfjs-node\lib\napi-v5\tfjs_binding.node 
Error: The specified module could not be found.
\\?\D:\JMCCBACKUPWITHDATE\AMS-BACKEND\node_modules\@tensorflow\tfjs-node\lib\napi-v5\tfjs_binding.node
    at Object..node (node:internal/modules/cjs/loader:1865:18)
    at Module.load (node:internal/modules/cjs/loader:1441:32)
    at Function._load (node:internal/modules/cjs/loader:1263:12)
    at TracingChannel.traceSync (node:diagnostics_channel:322:14)
    at wrapModuleLoad (node:internal/modules/cjs/loader:237:24)
    at Module.require (node:internal/modules/cjs/loader:1463:12)
    at require (node:internal/modules/helpers:147:16)
    at Object.<anonymous> (D:\JMCCBACKUPWITHDATE\AMS-BACKEND\node_modules\@tensorflow\tfjs-node\dist\index.js:58:16)
    at Module._compile (node:internal/modules/cjs/loader:1706:14)
    at node:internal/modules/cjs/loader:1839:10
2026-03-17 15:51:21 [[32minfo[39m]: TensorFlow.js backend initialized: cpu 
2026-03-17 15:51:22 [[32minfo[39m]: Loading optimized face recognition models... 
2026-03-17 15:51:22 [[32minfo[39m]: TensorFlow backend warm-up completed 
2026-03-17 15:51:22 [[32minfo[39m]: Optimized face recognition models loaded successfully 
2026-03-17 15:51:22 [[32minfo[39m]: FaceRecognitionService initialized successfully 
2026-03-17 15:51:23 [[32minfo[39m]: Fetching full month attendance report: 
2026-03-17 15:52:22 [[32minfo[39m]: Face descriptor extracted in 3504ms 
2026-03-17 15:52:29 [[32minfo[39m]: Face matcher cache updated with 153 employees 
2026-03-17 15:52:29 [[33mwarn[39m]: No match found in 7473ms. Distance: 0.450 
2026-03-17 15:52:29 [[33mwarn[39m]: Unrecognized face attempt 
2026-03-17 15:52:49 [[32minfo[39m]: Face descriptor extracted in 1501ms 
2026-03-17 15:52:49 [[32minfo[39m]: Match found: 00769 in 10ms (60.7% confidence) 
2026-03-17 15:52:51 [[32minfo[39m]: Face descriptor extracted in 1716ms 
2026-03-17 15:52:51 [[32minfo[39m]: Match found: 00769 in 14ms (60.7% confidence) 
2026-03-17 15:52:51 [[32minfo[39m]: Employee found in DB: 
2026-03-17 15:52:51 [[32minfo[39m]: [MARK] Stored image buffer in memory for UUID: 1961b472-0907-4cdb-b738-b036df82b54f 
2026-03-17 15:52:51 [[32minfo[39m]: ✅ Attendance marked in 2131ms for 00769, Auto-confirm in 10000ms 
2026-03-17 15:52:52 [[32minfo[39m]: [DB-SAVE] Record saved for UUID: 1961b472-0907-4cdb-b738-b036df82b54f, company_code: BSG 
2026-03-17 15:53:02 [[32minfo[39m]: [CONFIRM-CTRL] Request received for UUID: 1961b472-0907-4cdb-b738-b036df82b54f, confirmed_by: auto_system, company_code: BSG 
2026-03-17 15:53:02 [[32minfo[39m]: [SERVICE-CONFIRM] Starting confirmation for UUID: 1961b472-0907-4cdb-b738-b036df82b54f, confirmedBy: auto_system, company_code: BSG 
2026-03-17 15:53:03 [[32minfo[39m]: [SERVICE-CONFIRM] Found pending data for UUID: 1961b472-0907-4cdb-b738-b036df82b54f, saving confirmation 
2026-03-17 15:53:03 [[32minfo[39m]: [CONFIRM] Using existing transaction for UUID: 1961b472-0907-4cdb-b738-b036df82b54f 
2026-03-17 15:53:03 [[31merror[39m]: Failed to save confirmed attendance: entity.getRepository is not a function 
TypeError: entity.getRepository is not a function
    at executeTransaction (D:\JMCCBACKUPWITHDATE\AMS-BACKEND\src\services\Attendance\Attendance.service.ts:650:39)
    at Function.saveConfirmedAttendance (D:\JMCCBACKUPWITHDATE\AMS-BACKEND\src\services\Attendance\Attendance.service.ts:746:20)
    at Function.confirmAttendance (D:\JMCCBACKUPWITHDATE\AMS-BACKEND\src\services\Attendance\Attendance.service.ts:355:33)
    at async Function.confirmAttendance (D:\JMCCBACKUPWITHDATE\AMS-BACKEND\src\controllers\Attendance\attendance.controller.ts:162:22)
2026-03-17 15:53:03 [[31merror[39m]: ❌ [SERVICE-CONFIRM] Confirmation failed for UUID: 1961b472-0907-4cdb-b738-b036df82b54f entity.getRepository is not a function 
TypeError: entity.getRepository is not a function
    at executeTransaction (D:\JMCCBACKUPWITHDATE\AMS-BACKEND\src\services\Attendance\Attendance.service.ts:650:39)
    at Function.saveConfirmedAttendance (D:\JMCCBACKUPWITHDATE\AMS-BACKEND\src\services\Attendance\Attendance.service.ts:746:20)
    at Function.confirmAttendance (D:\JMCCBACKUPWITHDATE\AMS-BACKEND\src\services\Attendance\Attendance.service.ts:355:33)
    at async Function.confirmAttendance (D:\JMCCBACKUPWITHDATE\AMS-BACKEND\src\controllers\Attendance\attendance.controller.ts:162:22)
2026-03-17 15:53:03 [[31merror[39m]: Attendance confirmation error entity.getRepository is not a function 
TypeError: entity.getRepository is not a function
    at executeTransaction (D:\JMCCBACKUPWITHDATE\AMS-BACKEND\src\services\Attendance\Attendance.service.ts:650:39)
    at Function.saveConfirmedAttendance (D:\JMCCBACKUPWITHDATE\AMS-BACKEND\src\services\Attendance\Attendance.service.ts:746:20)
    at Function.confirmAttendance (D:\JMCCBACKUPWITHDATE\AMS-BACKEND\src\services\Attendance\Attendance.service.ts:355:33)
    at async Function.confirmAttendance (D:\JMCCBACKUPWITHDATE\AMS-BACKEND\src\controllers\Attendance\attendance.controller.ts:162:22)
2026-03-17 15:53:03 [[31merror[39m]: [CONFIRM-CTRL] ❌ Error response sent for UUID 
2026-03-17 15:53:03 [[32minfo[39m]: [CONFIRM] Using existing transaction for UUID: 1961b472-0907-4cdb-b738-b036df82b54f 
2026-03-17 15:53:04 [[32minfo[39m]: Auto-confirmed: 1961b472-0907-4cdb-b738-b036df82b54f (No S3 upload for successful attendance) 
2026-03-17 15:54:36 [[31merror[39m]: Face descriptor extraction failed: No face detected in the image 
Error: No face detected in the image
    at FaceRecognitionService.extractFaceDescriptor (D:\JMCCBACKUPWITHDATE\AMS-BACKEND\src\services\Attendance\face_recognition.service.ts:277:15)
    at async Function.markAttendance (D:\JMCCBACKUPWITHDATE\AMS-BACKEND\src\controllers\Attendance\attendance.controller.ts:69:22)
2026-03-17 15:54:36 [[33mwarn[39m]: Face descriptor extraction failed (attempting to reload models): 
2026-03-17 15:54:36 [[31merror[39m]: Face descriptor extraction failed: No face detected in the image 
Error: No face detected in the image
    at FaceRecognitionService.extractFaceDescriptor (D:\JMCCBACKUPWITHDATE\AMS-BACKEND\src\services\Attendance\face_recognition.service.ts:277:15)
    at async Function.markAttendance (D:\JMCCBACKUPWITHDATE\AMS-BACKEND\src\controllers\Attendance\attendance.controller.ts:83:22)
2026-03-17 15:54:36 [[31merror[39m]: Attendance marking error No face detected in the image 
Error: No face detected in the image
    at FaceRecognitionService.extractFaceDescriptor (D:\JMCCBACKUPWITHDATE\AMS-BACKEND\src\services\Attendance\face_recognition.service.ts:277:15)
    at async Function.markAttendance (D:\JMCCBACKUPWITHDATE\AMS-BACKEND\src\controllers\Attendance\attendance.controller.ts:83:22)
2026-03-17 15:55:01 [[32minfo[39m]: Face descriptor extracted in 2385ms 
2026-03-17 15:55:01 [[32minfo[39m]: Match found: 00801 in 20ms (59.0% confidence) 
2026-03-17 15:55:03 [[32minfo[39m]: Face descriptor extracted in 2327ms 
2026-03-17 15:55:03 [[32minfo[39m]: Match found: 00801 in 15ms (59.0% confidence) 
2026-03-17 15:55:03 [[33mwarn[39m]: Employee NOT found in DB for ID: 
2026-03-17 15:55:03 [[31merror[39m]: Attendance marking error: Employee not found 
Error: Employee not found
    at Function.markAttendanceWithAutoConfirm (D:\JMCCBACKUPWITHDATE\AMS-BACKEND\src\services\Attendance\Attendance.service.ts:91:13)
    at async Function.markAttendance (D:\JMCCBACKUPWITHDATE\AMS-BACKEND\src\controllers\Attendance\attendance.controller.ts:114:22)
2026-03-17 15:55:03 [[31merror[39m]: Attendance marking error Employee not found 
Error: Employee not found
    at Function.markAttendanceWithAutoConfirm (D:\JMCCBACKUPWITHDATE\AMS-BACKEND\src\services\Attendance\Attendance.service.ts:91:13)
    at async Function.markAttendance (D:\JMCCBACKUPWITHDATE\AMS-BACKEND\src\controllers\Attendance\attendance.controller.ts:114:22)
2026-03-17 15:58:33 [[32minfo[39m]: Face descriptor extracted in 2131ms 
2026-03-17 15:58:33 [[32minfo[39m]: Match found: 00801 in 15ms (59.9% confidence) 
2026-03-17 15:58:35 [[32minfo[39m]: Face descriptor extracted in 2471ms 
2026-03-17 15:58:35 [[32minfo[39m]: Match found: 00801 in 15ms (59.9% confidence) 
2026-03-17 15:58:35 [[32minfo[39m]: Employee found in DB: 
2026-03-17 15:58:36 [[32minfo[39m]: [MARK] Stored image buffer in memory for UUID: f3e1453e-fd2b-46b8-8ddc-e832e87e0624 
2026-03-17 15:58:36 [[32minfo[39m]: ✅ Attendance marked in 2877ms for 00801, Auto-confirm in 10000ms 
2026-03-17 15:58:37 [[32minfo[39m]: [DB-SAVE] Record saved for UUID: f3e1453e-fd2b-46b8-8ddc-e832e87e0624, company_code: BSG 
2026-03-17 15:58:46 [[32minfo[39m]: [CONFIRM-CTRL] Request received for UUID: f3e1453e-fd2b-46b8-8ddc-e832e87e0624, confirmed_by: auto_system, company_code: BSG 
2026-03-17 15:58:46 [[32minfo[39m]: [SERVICE-CONFIRM] Starting confirmation for UUID: f3e1453e-fd2b-46b8-8ddc-e832e87e0624, confirmedBy: auto_system, company_code: BSG 
2026-03-17 15:58:46 [[32minfo[39m]: [SERVICE-CONFIRM] Found pending data for UUID: f3e1453e-fd2b-46b8-8ddc-e832e87e0624, saving confirmation 
2026-03-17 15:58:46 [[32minfo[39m]: [CONFIRM] Using existing transaction for UUID: f3e1453e-fd2b-46b8-8ddc-e832e87e0624 
2026-03-17 15:58:46 [[31merror[39m]: Failed to save confirmed attendance: entity.getRepository is not a function 
TypeError: entity.getRepository is not a function
    at executeTransaction (D:\JMCCBACKUPWITHDATE\AMS-BACKEND\src\services\Attendance\Attendance.service.ts:650:39)
    at Function.saveConfirmedAttendance (D:\JMCCBACKUPWITHDATE\AMS-BACKEND\src\services\Attendance\Attendance.service.ts:746:20)
    at Function.confirmAttendance (D:\JMCCBACKUPWITHDATE\AMS-BACKEND\src\services\Attendance\Attendance.service.ts:355:33)
    at async Function.confirmAttendance (D:\JMCCBACKUPWITHDATE\AMS-BACKEND\src\controllers\Attendance\attendance.controller.ts:162:22)
2026-03-17 15:58:46 [[31merror[39m]: ❌ [SERVICE-CONFIRM] Confirmation failed for UUID: f3e1453e-fd2b-46b8-8ddc-e832e87e0624 entity.getRepository is not a function 
TypeError: entity.getRepository is not a function
    at executeTransaction (D:\JMCCBACKUPWITHDATE\AMS-BACKEND\src\services\Attendance\Attendance.service.ts:650:39)
    at Function.saveConfirmedAttendance (D:\JMCCBACKUPWITHDATE\AMS-BACKEND\src\services\Attendance\Attendance.service.ts:746:20)
    at Function.confirmAttendance (D:\JMCCBACKUPWITHDATE\AMS-BACKEND\src\services\Attendance\Attendance.service.ts:355:33)
    at async Function.confirmAttendance (D:\JMCCBACKUPWITHDATE\AMS-BACKEND\src\controllers\Attendance\attendance.controller.ts:162:22)
2026-03-17 15:58:46 [[31merror[39m]: Attendance confirmation error entity.getRepository is not a function 
TypeError: entity.getRepository is not a function
    at executeTransaction (D:\JMCCBACKUPWITHDATE\AMS-BACKEND\src\services\Attendance\Attendance.service.ts:650:39)
    at Function.saveConfirmedAttendance (D:\JMCCBACKUPWITHDATE\AMS-BACKEND\src\services\Attendance\Attendance.service.ts:746:20)
    at Function.confirmAttendance (D:\JMCCBACKUPWITHDATE\AMS-BACKEND\src\services\Attendance\Attendance.service.ts:355:33)
    at async Function.confirmAttendance (D:\JMCCBACKUPWITHDATE\AMS-BACKEND\src\controllers\Attendance\attendance.controller.ts:162:22)
2026-03-17 15:58:46 [[31merror[39m]: [CONFIRM-CTRL] ❌ Error response sent for UUID 
2026-03-17 15:58:47 [[32minfo[39m]: [CONFIRM] Using existing transaction for UUID: f3e1453e-fd2b-46b8-8ddc-e832e87e0624 
2026-03-17 15:58:48 [[32minfo[39m]: Auto-confirmed: f3e1453e-fd2b-46b8-8ddc-e832e87e0624 (No S3 upload for successful attendance) 
2026-03-17 16:00:00 [[32minfo[39m]: Starting to process unsent attendance events... 
2026-03-17 16:00:01 [[32minfo[39m]: Found 100 unsent attendance events 
2026-03-17 16:00:02 [[32minfo[39m]: Updating 100 records with DATA_TRANSFER = 'Y' 
2026-03-17 16:00:22 [[32minfo[39m]: Successfully processed 100 attendance events. DATA_TRANSFER updated to 'Y'. 
2026-03-17 16:05:41 [[32minfo[39m]: Attendance event scheduler initialized (runs every 60 minutes) 
2026-03-17 16:07:59 [[32minfo[39m]: FaceRecognitionService instance created with performance optimizations 
2026-03-17 16:07:59 [[33mwarn[39m]: @tensorflow/tfjs-node failed to load - falling back to JS backend. If you want the native addon, run: npm rebuild @tensorflow/tfjs-node build-addon-from-source and see https://github.com/tensorflow/tfjs/blob/master/tfjs-node/WINDOWS_TROUBLESHOOTING.md for troubleshooting. 
2026-03-17 16:07:59 [[34mdebug[39m]: Error: The specified module could not be found.
\\?\D:\JMCCBACKUPWITHDATE\AMS-BACKEND\node_modules\@tensorflow\tfjs-node\lib\napi-v5\tfjs_binding.node
    at Object..node (node:internal/modules/cjs/loader:1865:18)
    at Module.load (node:internal/modules/cjs/loader:1441:32)
    at Function._load (node:internal/modules/cjs/loader:1263:12)
    at TracingChannel.traceSync (node:diagnostics_channel:322:14)
    at wrapModuleLoad (node:internal/modules/cjs/loader:237:24)
    at Module.require (node:internal/modules/cjs/loader:1463:12)
    at require (node:internal/modules/helpers:147:16)
    at Object.<anonymous> (D:\JMCCBACKUPWITHDATE\AMS-BACKEND\node_modules\@tensorflow\tfjs-node\dist\index.js:58:16)
    at Module._compile (node:internal/modules/cjs/loader:1706:14)
    at node:internal/modules/cjs/loader:1839:10 
2026-03-17 16:07:59 [[33mwarn[39m]: tfjs-node not available or failed to load (you can install @tensorflow/tfjs-node for faster inference): The specified module could not be found.
\\?\D:\JMCCBACKUPWITHDATE\AMS-BACKEND\node_modules\@tensorflow\tfjs-node\lib\napi-v5\tfjs_binding.node 
Error: The specified module could not be found.
\\?\D:\JMCCBACKUPWITHDATE\AMS-BACKEND\node_modules\@tensorflow\tfjs-node\lib\napi-v5\tfjs_binding.node
    at Object..node (node:internal/modules/cjs/loader:1865:18)
    at Module.load (node:internal/modules/cjs/loader:1441:32)
    at Function._load (node:internal/modules/cjs/loader:1263:12)
    at TracingChannel.traceSync (node:diagnostics_channel:322:14)
    at wrapModuleLoad (node:internal/modules/cjs/loader:237:24)
    at Module.require (node:internal/modules/cjs/loader:1463:12)
    at require (node:internal/modules/helpers:147:16)
    at Object.<anonymous> (D:\JMCCBACKUPWITHDATE\AMS-BACKEND\node_modules\@tensorflow\tfjs-node\dist\index.js:58:16)
    at Module._compile (node:internal/modules/cjs/loader:1706:14)
    at node:internal/modules/cjs/loader:1839:10
2026-03-17 16:07:59 [[32minfo[39m]: TensorFlow.js backend initialized: cpu 
2026-03-17 16:07:59 [[32minfo[39m]: Loading optimized face recognition models... 
2026-03-17 16:08:00 [[32minfo[39m]: TensorFlow backend warm-up completed 
2026-03-17 16:08:00 [[32minfo[39m]: Optimized face recognition models loaded successfully 
2026-03-17 16:08:00 [[32minfo[39m]: FaceRecognitionService initialized successfully 
2026-03-17 16:08:39 [[32minfo[39m]: Face descriptor extracted in 3787ms 
2026-03-17 16:08:48 [[32minfo[39m]: Face matcher cache updated with 153 employees 
2026-03-17 16:08:48 [[32minfo[39m]: Match found: 00769 in 8792ms (56.0% confidence) 
2026-03-17 16:08:49 [[32minfo[39m]: Face descriptor extracted in 1598ms 
2026-03-17 16:08:49 [[32minfo[39m]: Match found: 00769 in 12ms (56.0% confidence) 
2026-03-17 16:08:49 [[32minfo[39m]: Employee found in DB: 
2026-03-17 16:08:50 [[32minfo[39m]: [MARK] Stored image buffer in memory for UUID: f84030b6-5b0d-45fc-943a-7c7796066f47 
2026-03-17 16:08:50 [[32minfo[39m]: ✅ Attendance marked in 2017ms for 00769, Auto-confirm in 10000ms 
2026-03-17 16:08:51 [[32minfo[39m]: [DB-SAVE] Record saved for UUID: f84030b6-5b0d-45fc-943a-7c7796066f47, company_code: BSG 
2026-03-17 16:08:59 [[32minfo[39m]: [CONFIRM] Using existing transaction for UUID: f84030b6-5b0d-45fc-943a-7c7796066f47 
2026-03-17 16:09:00 [[32minfo[39m]: Auto-confirmed: f84030b6-5b0d-45fc-943a-7c7796066f47 (No S3 upload for successful attendance) 
2026-03-17 16:09:00 [[32minfo[39m]: [CONFIRM-CTRL] Request received for UUID: f84030b6-5b0d-45fc-943a-7c7796066f47, confirmed_by: auto_system, company_code: BSG 
2026-03-17 16:09:00 [[32minfo[39m]: [SERVICE-CONFIRM] Starting confirmation for UUID: f84030b6-5b0d-45fc-943a-7c7796066f47, confirmedBy: auto_system, company_code: BSG 
2026-03-17 16:09:01 [[32minfo[39m]: [AUTO-CONFIRM] Completed: 1 confirmed, 0 cancelled, 0 skipped 
2026-03-17 16:09:01 [[32minfo[39m]: [SERVICE-CONFIRM] Pending data not found, checking database for UUID: f84030b6-5b0d-45fc-943a-7c7796066f47 
2026-03-17 16:09:01 [[32minfo[39m]:  Auto-confirm skipped - already confirmed: f84030b6-5b0d-45fc-943a-7c7796066f47 
2026-03-17 16:09:01 [[32minfo[39m]: ✅ [SERVICE-CONFIRM] Confirmed from DB in 948ms for UUID: f84030b6-5b0d-45fc-943a-7c7796066f47 
2026-03-17 16:09:01 [[32minfo[39m]: [SERVICE-CONFIRM] Returning DB result: 
2026-03-17 16:09:01 [[32minfo[39m]: [CONFIRM-CTRL] Service returned result in 950ms: 
2026-03-17 16:09:01 [[32minfo[39m]: [CONFIRM-CTRL] ✅ Response sent to client for UUID: f84030b6-5b0d-45fc-943a-7c7796066f47 
2026-03-17 16:09:58 [[32minfo[39m]: Fetching full month attendance report: 
2026-03-17 16:37:59 [[32minfo[39m]: Cleanup completed. Removed 0 old pending confirmations, cleaned 0 image buffers, and 0 old cancelled confirmations. 
2026-03-17 18:06:22 [[32minfo[39m]: Attendance event scheduler initialized (runs every 60 minutes) 
2026-03-17 18:12:40 [[32minfo[39m]: FaceRecognitionService instance created with performance optimizations 
2026-03-17 18:12:43 [[33mwarn[39m]: @tensorflow/tfjs-node failed to load - falling back to JS backend. If you want the native addon, run: npm rebuild @tensorflow/tfjs-node build-addon-from-source and see https://github.com/tensorflow/tfjs/blob/master/tfjs-node/WINDOWS_TROUBLESHOOTING.md for troubleshooting. 
2026-03-17 18:12:43 [[34mdebug[39m]: Error: The specified module could not be found.
\\?\D:\JMCCBACKUPWITHDATE\AMS-BACKEND\node_modules\@tensorflow\tfjs-node\lib\napi-v5\tfjs_binding.node
    at Object..node (node:internal/modules/cjs/loader:1865:18)
    at Module.load (node:internal/modules/cjs/loader:1441:32)
    at Function._load (node:internal/modules/cjs/loader:1263:12)
    at TracingChannel.traceSync (node:diagnostics_channel:322:14)
    at wrapModuleLoad (node:internal/modules/cjs/loader:237:24)
    at Module.require (node:internal/modules/cjs/loader:1463:12)
    at require (node:internal/modules/helpers:147:16)
    at Object.<anonymous> (D:\JMCCBACKUPWITHDATE\AMS-BACKEND\node_modules\@tensorflow\tfjs-node\dist\index.js:58:16)
    at Module._compile (node:internal/modules/cjs/loader:1706:14)
    at node:internal/modules/cjs/loader:1839:10 
2026-03-17 18:12:43 [[33mwarn[39m]: tfjs-node not available or failed to load (you can install @tensorflow/tfjs-node for faster inference): The specified module could not be found.
\\?\D:\JMCCBACKUPWITHDATE\AMS-BACKEND\node_modules\@tensorflow\tfjs-node\lib\napi-v5\tfjs_binding.node 
Error: The specified module could not be found.
\\?\D:\JMCCBACKUPWITHDATE\AMS-BACKEND\node_modules\@tensorflow\tfjs-node\lib\napi-v5\tfjs_binding.node
    at Object..node (node:internal/modules/cjs/loader:1865:18)
    at Module.load (node:internal/modules/cjs/loader:1441:32)
    at Function._load (node:internal/modules/cjs/loader:1263:12)
    at TracingChannel.traceSync (node:diagnostics_channel:322:14)
    at wrapModuleLoad (node:internal/modules/cjs/loader:237:24)
    at Module.require (node:internal/modules/cjs/loader:1463:12)
    at require (node:internal/modules/helpers:147:16)
    at Object.<anonymous> (D:\JMCCBACKUPWITHDATE\AMS-BACKEND\node_modules\@tensorflow\tfjs-node\dist\index.js:58:16)
    at Module._compile (node:internal/modules/cjs/loader:1706:14)
    at node:internal/modules/cjs/loader:1839:10
2026-03-17 18:12:43 [[32minfo[39m]: TensorFlow.js backend initialized: cpu 
2026-03-17 18:12:43 [[32minfo[39m]: Loading optimized face recognition models... 
2026-03-17 18:12:44 [[32minfo[39m]: TensorFlow backend warm-up completed 
2026-03-17 18:12:44 [[32minfo[39m]: Optimized face recognition models loaded successfully 
2026-03-17 18:12:44 [[32minfo[39m]: FaceRecognitionService initialized successfully 
2026-03-17 18:23:15 [[32minfo[39m]: Fetching full month attendance report: 
2026-03-17 18:42:43 [[32minfo[39m]: Cleanup completed. Removed 0 old pending confirmations, cleaned 0 image buffers, and 0 old cancelled confirmations. 
